日志时间:2017-12-06 10:51:12
日志级别:Info
日志位置:类[ServerClient],方法[BroadCastMessage]
日志内容:Broadcast message :[2050ZJHM:15251817271*#]

日志时间:2017-12-06 10:54:45
日志级别:Info
日志位置:类[ServerClient],方法[BroadCastMessage]
日志内容:Broadcast message :[2050ZJHM:15251817271*#]

日志时间:2017-12-06 10:54:59
日志级别:Info
日志位置:类[ServerClient],方法[BroadCastMessage]
日志内容:Broadcast message :[2050ZJHM:15*#]

日志时间:2017-12-06 10:55:07
日志级别:Info
日志位置:类[ServerClient],方法[BroadCastMessage]
日志内容:Broadcast message :[2050ZJHM:15*#]

日志时间:2017-12-06 10:55:13
日志级别:Info
日志位置:类[ServerClient],方法[BroadCastMessage]
日志内容:Broadcast message :[2050ZJHM:152*#]

日志时间:2017-12-06 10:55:56
日志级别:Info
日志位置:类[ServerClient],方法[BroadCastMessage]
日志内容:Broadcast message :[2050ZJHM:153*#]

日志时间:2017-12-06 10:56:40
日志级别:Info
日志位置:类[ServerClient],方法[BroadCastMessage]
日志内容:Broadcast message :[2050ZJHM:153*#]

日志时间:2017-12-06 10:57:36
日志级别:Info
日志位置:类[ServerClient],方法[BroadCastMessage]
日志内容:Broadcast message :[2050ZJHM:152*#]

日志时间:2017-12-06 10:57:46
日志级别:Info
日志位置:类[ServerClient],方法[BroadCastMessage]
日志内容:Broadcast message :[2050ZJHM:153*#]

日志时间:2017-12-06 10:57:52
日志级别:Info
日志位置:类[ServerClient],方法[BroadCastMessage]
日志内容:Broadcast message :[2050ZJHM:154*#]

日志时间:2017-12-06 16:38:59
日志级别:Info
日志位置:类[ServerClient],方法[BroadCastMessage]
日志内容:Broadcast message :15251518187271

日志时间:2017-12-06 16:39:27
日志级别:Info
日志位置:类[ServerClient],方法[BroadCastMessage]
日志内容:Broadcast message :15251518187271

日志时间:2017-12-06 16:41:44
日志级别:Info
日志位置:类[ServerClient],方法[BroadCastMessage]
日志内容:Broadcast message :15251518187271

日志时间:2017-12-06 16:43:31
日志级别:Info
日志位置:类[ServerClient],方法[BroadCastMessage]
日志内容:Broadcast message :[2050ZJHM:15251518187271*#]

日志时间:2017-12-06 16:44:01
日志级别:Info
日志位置:类[ServerClient],方法[BroadCastMessage]
日志内容:Broadcast message :[2050ZJHM:15251518187271*#]

日志时间:2017-12-06 16:46:28
日志级别:Info
日志位置:类[ServerClient],方法[BroadCastMessage]
日志内容:Broadcast message :[2050ZJHM:1525151818*#]

日志时间:2017-12-06 16:46:42
日志级别:Info
日志位置:类[ServerClient],方法[BroadCastMessage]
日志内容:Broadcast message :[2050ZJHM:1525151*#]

日志时间:2017-12-06 16:47:20
日志级别:Info
日志位置:类[ServerClient],方法[BroadCastMessage]
日志内容:Broadcast message :[2050ZJHM:152515155*#]

日志时间:2017-12-06 16:56:38
日志级别:Info
日志位置:类[ServerClient],方法[BroadCastMessage]
日志内容:Broadcast message :[2050ZJHM:151*#]

日志时间:2017-12-06 16:59:39
日志级别:Info
日志位置:类[ServerClient],方法[BroadCastMessage]
日志内容:Broadcast message :[2050ZJHM:152*#]

日志时间:2017-12-06 16:59:42
日志级别:Info
日志位置:类[ServerClient],方法[BroadCastMessage]
日志内容:Broadcast message :[2050ZJHM:152*#]

日志时间:2017-12-06 17:00:47
日志级别:Info
日志位置:类[ServerClient],方法[BroadCastMessage]
日志内容:Broadcast message :[2050ZJHM:152*#]

日志时间:2017-12-06 17:00:54
日志级别:Info
日志位置:类[ServerClient],方法[BroadCastMessage]
日志内容:Broadcast message :[2050ZJHM:153*#]

日志时间:2017-12-06 17:01:23
日志级别:Info
日志位置:类[ServerClient],方法[BroadCastMessage]
日志内容:Broadcast message :[2050ZJHM:151*#]

日志时间:2017-12-06 17:01:36
日志级别:Info
日志位置:类[ServerClient],方法[BroadCastMessage]
日志内容:Broadcast message :[2050ZJHM:152*#]

日志时间:2017-12-06 17:01:44
日志级别:Info
日志位置:类[ServerClient],方法[BroadCastMessage]
日志内容:Broadcast message :[2050ZJHM:152*#]

日志时间:2017-12-06 17:01:50
日志级别:Info
日志位置:类[ServerClient],方法[BroadCastMessage]
日志内容:Broadcast message :[2050ZJHM:156*#]

