日志时间:2017-12-05 22:57:33
日志级别:Info
日志位置:类[ThreeFieldMsgHandler],方法[Handle8000Message]
日志内容:三字段服务器登陆，IP：192.168.1.3，Port：54823

日志时间:2017-12-05 22:57:56
日志级别:Info
日志位置:类[ThreeFieldMsgHandler],方法[Handle8000Message]
日志内容:三字段服务器登陆，IP：192.168.1.3，Port：54836

日志时间:2017-12-05 22:59:12
日志级别:Info
日志位置:类[ThreeFieldMsgHandler],方法[Handle8000Message]
日志内容:三字段服务器登陆，IP：192.168.1.3，Port：54895

日志时间:2017-12-05 23:05:18
日志级别:Info
日志位置:类[ThreeFieldWCF],方法[TFReuset]
日志内容:WCF_TFReuset收到请求，主叫号码：15251

日志时间:2017-12-05 23:06:31
日志级别:Info
日志位置:类[ThreeFieldMsgHandler],方法[Handle8000Message]
日志内容:三字段服务器登陆

日志时间:2017-12-05 23:06:33
日志级别:Info
日志位置:类[Control_TFReponseHandlerEvent],方法[TFReuset]
日志内容:WCF_TFReuset结束TCP反馈，主叫号码：15251

日志时间:2017-12-05 23:06:45
日志级别:Info
日志位置:类[ThreeFieldMsgHandler],方法[Handle8000Message]
日志内容:三字段服务器登陆，IP：192.168.1.3，Port：55223

日志时间:2017-12-05 23:08:04
日志级别:Info
日志位置:类[ThreeFieldMsgHandler],方法[Handle8000Message]
日志内容:三字段服务器登陆，IP：192.168.1.3，Port：55265

日志时间:2017-12-05 23:08:20
日志级别:Info
日志位置:类[ThreeFieldWCF],方法[TFReuset]
日志内容:WCF_TFReuset收到请求，主叫号码：152515

日志时间:2017-12-05 23:09:21
日志级别:Info
日志位置:类[ThreeFieldMsgHandler],方法[Handle8000Message]
日志内容:三字段服务器登陆

日志时间:2017-12-05 23:09:27
日志级别:Info
日志位置:类[Control_TFReponseHandlerEvent],方法[TFReuset]
日志内容:WCF_TFReuset结束TCP反馈，主叫号码：152515

日志时间:2017-12-05 23:09:47
日志级别:Info
日志位置:类[ThreeFieldWCF],方法[TFReuset]
日志内容:WCF_TFReuset收到请求，主叫号码：152515

日志时间:2017-12-05 23:10:01
日志级别:Info
日志位置:类[ThreeFieldMsgHandler],方法[Handle8000Message]
日志内容:三字段服务器登陆

日志时间:2017-12-05 23:10:04
日志级别:Info
日志位置:类[Control_TFReponseHandlerEvent],方法[TFReuset]
日志内容:WCF_TFReuset结束TCP反馈，主叫号码：152515

日志时间:2017-12-05 23:10:58
日志级别:Info
日志位置:类[ThreeFieldMsgHandler],方法[Handle8000Message]
日志内容:三字段服务器登陆，IP：192.168.1.3，Port：55346

日志时间:2017-12-05 23:11:11
日志级别:Info
日志位置:类[ThreeFieldWCF],方法[TFReuset]
日志内容:WCF_TFReuset收到请求，主叫号码：152515

日志时间:2017-12-05 23:11:29
日志级别:Info
日志位置:类[ThreeFieldMsgHandler],方法[Handle8000Message]
日志内容:三字段服务器登陆

日志时间:2017-12-05 23:11:30
日志级别:Info
日志位置:类[Control_TFReponseHandlerEvent],方法[TFReuset]
日志内容:WCF_TFReuset结束TCP反馈，主叫号码：152515

日志时间:2017-12-05 23:11:35
日志级别:Info
日志位置:类[ThreeFieldWCF],方法[TFReuset]
日志内容:WCF_TFReuset收到请求，主叫号码：152515

日志时间:2017-12-05 23:11:38
日志级别:Info
日志位置:类[ThreeFieldMsgHandler],方法[Handle8000Message]
日志内容:三字段服务器登陆

日志时间:2017-12-05 23:11:40
日志级别:Info
日志位置:类[Control_TFReponseHandlerEvent],方法[TFReuset]
日志内容:WCF_TFReuset结束TCP反馈，主叫号码：152515

